# JRE version: OpenJDK Runtime Environment (8.0_152-b01) (build 1.8.0_152-release-1343-b01)
# Java VM: OpenJDK 64-Bit Server VM (25.152-b01 mixed mode windows-amd64 compressed oops)
Heap:
 PSYoungGen      total 463360K, used 268718K [0x00000000e0000000, 0x0000000100000000, 0x0000000100000000)
  eden space 429056K, 54% used [0x00000000e0000000,0x00000000ee5274d0,0x00000000fa300000)
  from space 34304K, 99% used [0x00000000fa300000,0x00000000fc4443c0,0x00000000fc480000)
  to   space 49152K, 0% used [0x00000000fd000000,0x00000000fd000000,0x0000000100000000)
 ParOldGen       total 128512K, used 65679K [0x00000000a0000000, 0x00000000a7d80000, 0x00000000e0000000)
  object space 128512K, 51% used [0x00000000a0000000,0x00000000a4023c30,0x00000000a7d80000)
 Metaspace       used 104576K, capacity 109656K, committed 109824K, reserved 1144832K
  class space    used 12880K, capacity 13733K, committed 13824K, reserved 1048576K
GC Heap History (10 events):
Event: 4884.797 GC heap before
{Heap before GC invocations=45 (full 4):
 PSYoungGen      total 483328K, used 463312K [0x00000000e0000000, 0x00000000ffc80000, 0x0000000100000000)
  eden space 448000K, 100% used [0x00000000e0000000,0x00000000fb580000,0x00000000fb580000)
  from space 35328K, 43% used [0x00000000fda00000,0x00000000fe8f4148,0x00000000ffc80000)
  to   space 36352K, 0% used [0x00000000fb580000,0x00000000fb580000,0x00000000fd900000)
 ParOldGen       total 128512K, used 64320K [0x00000000a0000000, 0x00000000a7d80000, 0x00000000e0000000)
  object space 128512K, 50% used [0x00000000a0000000,0x00000000a3ed0010,0x00000000a7d80000)
 Metaspace       used 104349K, capacity 109460K, committed 109568K, reserved 1144832K
  class space    used 12872K, capacity 13733K, committed 13824K, reserved 1048576K
Event: 4884.865 GC heap after
Heap after GC invocations=45 (full 4):
 PSYoungGen      total 484352K, used 24320K [0x00000000e0000000, 0x0000000100000000, 0x0000000100000000)
  eden space 448000K, 0% used [0x00000000e0000000,0x00000000e0000000,0x00000000fb580000)
  from space 36352K, 66% used [0x00000000fb580000,0x00000000fcd40230,0x00000000fd900000)
  to   space 36864K, 0% used [0x00000000fdc00000,0x00000000fdc00000,0x0000000100000000)
 ParOldGen       total 128512K, used 64328K [0x00000000a0000000, 0x00000000a7d80000, 0x00000000e0000000)
  object space 128512K, 50% used [0x00000000a0000000,0x00000000a3ed2010,0x00000000a7d80000)
 Metaspace       used 104349K, capacity 109460K, committed 109568K, reserved 1144832K
  class space    used 12872K, capacity 13733K, committed 13824K, reserved 1048576K
}
Event: 4890.289 GC heap before
{Heap before GC invocations=46 (full 4):
 PSYoungGen      total 484352K, used 472320K [0x00000000e0000000, 0x0000000100000000, 0x0000000100000000)
  eden space 448000K, 100% used [0x00000000e0000000,0x00000000fb580000,0x00000000fb580000)
  from space 36352K, 66% used [0x00000000fb580000,0x00000000fcd40230,0x00000000fd900000)
  to   space 36864K, 0% used [0x00000000fdc00000,0x00000000fdc00000,0x0000000100000000)
 ParOldGen       total 128512K, used 64328K [0x00000000a0000000, 0x00000000a7d80000, 0x00000000e0000000)
  object space 128512K, 50% used [0x00000000a0000000,0x00000000a3ed2010,0x00000000a7d80000)
 Metaspace       used 104564K, capacity 109652K, committed 109824K, reserved 1144832K
  class space    used 12880K, capacity 13733K, committed 13824K, reserved 1048576K
Event: 4890.427 GC heap after
Heap after GC invocations=46 (full 4):
 PSYoungGen      total 478208K, used 35887K [0x00000000e0000000, 0x0000000100000000, 0x0000000100000000)
  eden space 441344K, 0% used [0x00000000e0000000,0x00000000e0000000,0x00000000faf00000)
  from space 36864K, 97% used [0x00000000fdc00000,0x00000000fff0be90,0x0000000100000000)
  to   space 41472K, 0% used [0x00000000faf00000,0x00000000faf00000,0x00000000fd780000)
 ParOldGen       total 128512K, used 64336K [0x00000000a0000000, 0x00000000a7d80000, 0x00000000e0000000)
  object space 128512K, 50% used [0x00000000a0000000,0x00000000a3ed4010,0x00000000a7d80000)
 Metaspace       used 104564K, capacity 109652K, committed 109824K, reserved 1144832K
  class space    used 12880K, capacity 13733K, committed 13824K, reserved 1048576K
}
Event: 4891.799 GC heap before
{Heap before GC invocations=47 (full 4):
 PSYoungGen      total 478208K, used 477231K [0x00000000e0000000, 0x0000000100000000, 0x0000000100000000)
  eden space 441344K, 100% used [0x00000000e0000000,0x00000000faf00000,0x00000000faf00000)
  from space 36864K, 97% used [0x00000000fdc00000,0x00000000fff0be90,0x0000000100000000)
  to   space 41472K, 0% used [0x00000000faf00000,0x00000000faf00000,0x00000000fd780000)
 ParOldGen       total 128512K, used 64336K [0x00000000a0000000, 0x00000000a7d80000, 0x00000000e0000000)
  object space 128512K, 50% used [0x00000000a0000000,0x00000000a3ed4010,0x00000000a7d80000)
 Metaspace       used 104569K, capacity 109656K, committed 109824K, reserved 1144832K
  class space    used 12880K, capacity 13733K, committed 13824K, reserved 1048576K
Event: 4891.870 GC heap after
Heap after GC invocations=47 (full 4):
 PSYoungGen      total 477696K, used 35854K [0x00000000e0000000, 0x0000000100000000, 0x0000000100000000)
  eden space 441344K, 0% used [0x00000000e0000000,0x00000000e0000000,0x00000000faf00000)
  from space 36352K, 98% used [0x00000000faf00000,0x00000000fd203be0,0x00000000fd280000)
  to   space 45056K, 0% used [0x00000000fd400000,0x00000000fd400000,0x0000000100000000)
 ParOldGen       total 128512K, used 64808K [0x00000000a0000000, 0x00000000a7d80000, 0x00000000e0000000)
  object space 128512K, 50% used [0x00000000a0000000,0x00000000a3f4a040,0x00000000a7d80000)
 Metaspace       used 104569K, capacity 109656K, committed 109824K, reserved 1144832K
  class space    used 12880K, capacity 13733K, committed 13824K, reserved 1048576K
}
Event: 4893.478 GC heap before
{Heap before GC invocations=48 (full 4):
 PSYoungGen      total 477696K, used 477198K [0x00000000e0000000, 0x0000000100000000, 0x0000000100000000)
  eden space 441344K, 100% used [0x00000000e0000000,0x00000000faf00000,0x00000000faf00000)
  from space 36352K, 98% used [0x00000000faf00000,0x00000000fd203be0,0x00000000fd280000)
  to   space 45056K, 0% used [0x00000000fd400000,0x00000000fd400000,0x0000000100000000)
 ParOldGen       total 128512K, used 64815K [0x00000000a0000000, 0x00000000a7d80000, 0x00000000e0000000)
  object space 128512K, 50% used [0x00000000a0000000,0x00000000a3f4bc20,0x00000000a7d80000)
 Metaspace       used 104576K, capacity 109656K, committed 109824K, reserved 1144832K
  class space    used 12880K, capacity 13733K, committed 13824K, reserved 1048576K
Event: 4893.523 GC heap after
Heap after GC invocations=48 (full 4):
 PSYoungGen      total 474112K, used 34997K [0x00000000e0000000, 0x0000000100000000, 0x0000000100000000)
  eden space 429056K, 0% used [0x00000000e0000000,0x00000000e0000000,0x00000000fa300000)
  from space 45056K, 77% used [0x00000000fd400000,0x00000000ff62d7a8,0x0000000100000000)
  to   space 47616K, 0% used [0x00000000fa300000,0x00000000fa300000,0x00000000fd180000)
 ParOldGen       total 128512K, used 65151K [0x00000000a0000000, 0x00000000a7d80000, 0x00000000e0000000)
  object space 128512K, 50% used [0x00000000a0000000,0x00000000a3f9fc30,0x00000000a7d80000)
 Metaspace       used 104576K, capacity 109656K, committed 109824K, reserved 1144832K
  class space    used 12880K, capacity 13733K, committed 13824K, reserved 1048576K
}
Event: 4893.559 GC heap before
{Heap before GC invocations=49 (full 4):
 PSYoungGen      total 474112K, used 69427K [0x00000000e0000000, 0x0000000100000000, 0x0000000100000000)
  eden space 429056K, 8% used [0x00000000e0000000,0x00000000e219f678,0x00000000fa300000)
  from space 45056K, 77% used [0x00000000fd400000,0x00000000ff62d7a8,0x0000000100000000)
  to   space 47616K, 0% used [0x00000000fa300000,0x00000000fa300000,0x00000000fd180000)
 ParOldGen       total 128512K, used 65151K [0x00000000a0000000, 0x00000000a7d80000, 0x00000000e0000000)
  object space 128512K, 50% used [0x00000000a0000000,0x00000000a3f9fc30,0x00000000a7d80000)
 Metaspace       used 104576K, capacity 109656K, committed 109824K, reserved 1144832K
  class space    used 12880K, capacity 13733K, committed 13824K, reserved 1048576K
Event: 4893.606 GC heap after
Heap after GC invocations=49 (full 4):
 PSYoungGen      total 463360K, used 34064K [0x00000000e0000000, 0x0000000100000000, 0x0000000100000000)
  eden space 429056K, 0% used [0x00000000e0000000,0x00000000e0000000,0x00000000fa300000)
  from space 34304K, 99% used [0x00000000fa300000,0x00000000fc4443c0,0x00000000fc480000)
  to   space 49152K, 0% used [0x00000000fd000000,0x00000000fd000000,0x0000000100000000)
 ParOldGen       total 128512K, used 65679K [0x00000000a0000000, 0x00000000a7d80000, 0x00000000e0000000)
  object space 128512K, 51% used [0x00000000a0000000,0x00000000a4023c30,0x00000000a7d80000)
 Metaspace       used 104576K, capacity 109656K, committed 109824K, reserved 1144832K
  class space    used 12880K, capacity 13733K, committed 13824K, reserved 1048576K
}

